<?xml version="1.0" encoding="UTF-8"?>
<!-- Generated by org.testng.reporters.JUnitXMLReporter -->
<testsuite ignored="1" hostname="Swatis-MacBook-Air.local" failures="0" tests="11" name="Default test" time="82.151" errors="0" timestamp="2024-01-28T11:09:20 IST">
  <testcase classname="SpringStarter.SpringStarter.DataProviderTest" name="doLogin" time="26.828"/>
  <testcase classname="SpringStarter.SpringStarter.DataProviderTest" name="clickOnAdmin" time="14.669"/>
  <testcase classname="SpringStarter.SpringStarter.DataProviderTest" name="getUserCountOnAdminPage" time="8.693"/>
  <testcase classname="SpringStarter.SpringStarter.DataProviderTest" name="perfromMultiSelction" time="3.685"/>
  <testcase classname="SpringStarter.SpringStarter.DataProviderTest" name="perfromMultiSelction" time="3.329"/>
  <testcase classname="SpringStarter.SpringStarter.DataProviderTest" name="perfromMultiSelction" time="3.15"/>
  <testcase classname="SpringStarter.SpringStarter.DataProviderTest" name="deletedSelectedUsers" time="1.296"/>
  <testcase classname="SpringStarter.SpringStarter.DataProviderTest" name="validateUserDeletion" time="5.049"/>
  <testcase classname="SpringStarter.SpringStarter.DataProviderTest" name="validateUserDeletion" time="5.037"/>
  <testcase classname="SpringStarter.SpringStarter.DataProviderTest" name="validateUserDeletion" time="5.053"/>
  <testcase classname="SpringStarter.SpringStarter.DashBoardvalidation" name="getDetailsOfWidgetsOnDashBoard" time="5.222"/>
  <testcase classname="SpringStarter.SpringStarter.BaseTestClass" name="@BeforeSuite initDriver" time="0.0">
    <ignored/>
  </testcase> <!-- @BeforeSuite initDriver -->
</testsuite> <!-- Default test -->
