<?xml version="1.0" encoding="UTF-8"?>
<!-- Generated by org.testng.reporters.JUnitXMLReporter -->
<testsuite ignored="3" hostname="Swatis-MacBook-Air.local" failures="0" tests="3" name="Test3" time="58.789" errors="0" timestamp="2024-01-31T07:56:14 IST">
  <testcase classname="SpringStarter.SpringStarter.OrangeHRMParallelExecutionUsingThreadLocal" name="doLogin" time="38.514"/>
  <testcase classname="SpringStarter.SpringStarter.OrangeHRMParallelExecutionUsingThreadLocal" name="clickOnAdmin" time="9.724"/>
  <testcase classname="SpringStarter.SpringStarter.OrangeHRMParallelExecutionUsingThreadLocal" name="getUserCountOnAdminPage" time="10.426"/>
  <testcase classname="SpringStarter.SpringStarter.OrangeHRMParallelExecutionUsingThreadLocal" name="perfromMultiSelction" time="0.0">
    <ignored/>
  </testcase> <!-- perfromMultiSelction -->
  <testcase classname="SpringStarter.SpringStarter.OrangeHRMParallelExecutionUsingThreadLocal" name="deletedSelectedUsers" time="0.0">
    <ignored/>
  </testcase> <!-- deletedSelectedUsers -->
  <testcase classname="SpringStarter.SpringStarter.OrangeHRMParallelExecutionUsingThreadLocal" name="validateUserDeletion" time="0.0">
    <ignored/>
  </testcase> <!-- validateUserDeletion -->
</testsuite> <!-- Test3 -->
