<?xml version="1.0" encoding="UTF-8"?>
<!-- Generated by org.testng.reporters.JUnitXMLReporter -->
<testsuite ignored="9" hostname="Swatis-MacBook-Air.local" failures="0" tests="13" name="Test" time="134.347" errors="0" timestamp="2024-01-29T21:10:57 IST">
  <testcase classname="SpringStarter.SpringStarter.DataProviderTest" name="doLogin" time="13.828"/>
  <testcase classname="SpringStarter.SpringStarter.DataProviderTest" name="clickOnAdmin" time="15.201"/>
  <testcase classname="SpringStarter.SpringStarter.DataProviderTest" name="getUserCountOnAdminPage" time="12.956"/>
  <testcase classname="SpringStarter.SpringStarter.DashBoardvalidation" name="getDetailsOfWidgetsOnDashBoard" time="13.862"/>
  <testcase classname="SpringStarter.SpringStarter.CreateUser" name="clickOnAdmin" time="1.871"/>
  <testcase classname="SpringStarter.SpringStarter.CreateUser" name="clickOnAddUserButton" time="5.224"/>
  <testcase classname="SpringStarter.SpringStarter.CreateUser" name="selectOptionFromDropDown" time="8.087"/>
  <testcase classname="SpringStarter.SpringStarter.CreateUser" name="selectOptionFromDropDown" time="6.492"/>
  <testcase classname="SpringStarter.SpringStarter.CreateUser" name="enterUserDetails" time="8.66"/>
  <testcase classname="SpringStarter.SpringStarter.CreateUser" name="enterUserDetails" time="5.745"/>
  <testcase classname="SpringStarter.SpringStarter.CreateUser" name="enterUserDetails" time="5.647"/>
  <testcase classname="SpringStarter.SpringStarter.CreateUser" name="enterUserDetails" time="5.934"/>
  <testcase classname="SpringStarter.SpringStarter.LeavePageTest" name="applyLeave" time="30.681"/>
  <testcase classname="SpringStarter.SpringStarter.DataProviderTest" name="validateUserDeletion" time="0.0">
    <ignored/>
  </testcase> <!-- validateUserDeletion -->
  <testcase classname="SpringStarter.SpringStarter.BaseTestClass" name="@BeforeSuite initDriver" time="0.0">
    <ignored/>
  </testcase> <!-- @BeforeSuite initDriver -->
  <testcase classname="SpringStarter.SpringStarter.BaseTestClass" name="@AfterSuite tearDown" time="0.0">
    <ignored/>
  </testcase> <!-- @AfterSuite tearDown -->
  <testcase classname="SpringStarter.SpringStarter.BaseTestClass" name="@BeforeSuite initDriver" time="0.0">
    <ignored/>
  </testcase> <!-- @BeforeSuite initDriver -->
  <testcase classname="SpringStarter.SpringStarter.DataProviderTest" name="deletedSelectedUsers" time="0.0">
    <ignored/>
  </testcase> <!-- deletedSelectedUsers -->
  <testcase classname="SpringStarter.SpringStarter.BaseTestClass" name="@AfterSuite tearDown" time="0.0">
    <ignored/>
  </testcase> <!-- @AfterSuite tearDown -->
  <testcase classname="SpringStarter.SpringStarter.BaseTestClass" name="@BeforeSuite initDriver" time="0.0">
    <ignored/>
  </testcase> <!-- @BeforeSuite initDriver -->
  <testcase classname="SpringStarter.SpringStarter.DataProviderTest" name="perfromMultiSelction" time="0.0">
    <ignored/>
  </testcase> <!-- perfromMultiSelction -->
  <testcase classname="SpringStarter.SpringStarter.BaseTestClass" name="@AfterSuite tearDown" time="0.0">
    <ignored/>
  </testcase> <!-- @AfterSuite tearDown -->
</testsuite> <!-- Test -->
