<?xml version="1.0" encoding="UTF-8"?>
<!-- Generated by org.testng.reporters.JUnitXMLReporter -->
<testsuite ignored="9" hostname="Swatis-MacBook-Air.local" failures="0" tests="13" name="Test" time="108.506" errors="0" timestamp="2024-01-29T00:24:11 IST">
  <testcase classname="SpringStarter.SpringStarter.DataProviderTest" name="doLogin" time="14.444"/>
  <testcase classname="SpringStarter.SpringStarter.DataProviderTest" name="clickOnAdmin" time="15.653"/>
  <testcase classname="SpringStarter.SpringStarter.DataProviderTest" name="getUserCountOnAdminPage" time="9.23"/>
  <testcase classname="SpringStarter.SpringStarter.DashBoardvalidation" name="getDetailsOfWidgetsOnDashBoard" time="2.351"/>
  <testcase classname="SpringStarter.SpringStarter.CreateUser" name="clickOnAdmin" time="4.278"/>
  <testcase classname="SpringStarter.SpringStarter.CreateUser" name="clickOnAddUserButton" time="3.149"/>
  <testcase classname="SpringStarter.SpringStarter.CreateUser" name="selectOptionFromDropDown" time="7.102"/>
  <testcase classname="SpringStarter.SpringStarter.CreateUser" name="selectOptionFromDropDown" time="6.114"/>
  <testcase classname="SpringStarter.SpringStarter.CreateUser" name="enterUserDetails" time="7.064"/>
  <testcase classname="SpringStarter.SpringStarter.CreateUser" name="enterUserDetails" time="5.463"/>
  <testcase classname="SpringStarter.SpringStarter.CreateUser" name="enterUserDetails" time="5.671"/>
  <testcase classname="SpringStarter.SpringStarter.CreateUser" name="enterUserDetails" time="5.771"/>
  <testcase classname="SpringStarter.SpringStarter.LeavePageTest" name="applyLeave" time="22.063"/>
  <testcase classname="SpringStarter.SpringStarter.BaseTestClass" name="@AfterSuite tearDown" time="0.0">
    <ignored/>
  </testcase> <!-- @AfterSuite tearDown -->
  <testcase classname="SpringStarter.SpringStarter.DataProviderTest" name="perfromMultiSelction" time="0.0">
    <ignored/>
  </testcase> <!-- perfromMultiSelction -->
  <testcase classname="SpringStarter.SpringStarter.BaseTestClass" name="@AfterSuite tearDown" time="0.0">
    <ignored/>
  </testcase> <!-- @AfterSuite tearDown -->
  <testcase classname="SpringStarter.SpringStarter.BaseTestClass" name="@AfterSuite tearDown" time="0.0">
    <ignored/>
  </testcase> <!-- @AfterSuite tearDown -->
  <testcase classname="SpringStarter.SpringStarter.BaseTestClass" name="@BeforeSuite initDriver" time="0.0">
    <ignored/>
  </testcase> <!-- @BeforeSuite initDriver -->
  <testcase classname="SpringStarter.SpringStarter.DataProviderTest" name="validateUserDeletion" time="0.0">
    <ignored/>
  </testcase> <!-- validateUserDeletion -->
  <testcase classname="SpringStarter.SpringStarter.BaseTestClass" name="@BeforeSuite initDriver" time="0.0">
    <ignored/>
  </testcase> <!-- @BeforeSuite initDriver -->
  <testcase classname="SpringStarter.SpringStarter.DataProviderTest" name="deletedSelectedUsers" time="0.0">
    <ignored/>
  </testcase> <!-- deletedSelectedUsers -->
  <testcase classname="SpringStarter.SpringStarter.BaseTestClass" name="@BeforeSuite initDriver" time="0.0">
    <ignored/>
  </testcase> <!-- @BeforeSuite initDriver -->
</testsuite> <!-- Test -->
