<?xml version="1.0" encoding="UTF-8"?>
<testng-results ignored="3" total="8" passed="5" failed="0" skipped="0">
  <reporter-output>
  </reporter-output>
  <suite started-at="2024-01-31T07:55:16 IST" name="Suite" finished-at="2024-01-31T07:56:14 IST" duration-ms="58789">
    <groups>
    </groups>
    <test started-at="2024-01-31T07:55:16 IST" name="Test1" finished-at="2024-01-31T07:55:43 IST" duration-ms="27384">
      <class name="SpringStarter.SpringStarter.OpenGooglePage">
        <test-method signature="launchGoogle()[pri:0, instance:SpringStarter.SpringStarter.OpenGooglePage@c1fca1e]" started-at="2024-01-31T07:55:16 IST" name="launchGoogle" finished-at="2024-01-31T07:55:43 IST" duration-ms="27268" status="PASS">
          <reporter-output>
          </reporter-output>
        </test-method> <!-- launchGoogle -->
      </class> <!-- SpringStarter.SpringStarter.OpenGooglePage -->
    </test> <!-- Test1 -->
    <test started-at="2024-01-31T07:55:16 IST" name="Test2" finished-at="2024-01-31T07:55:48 IST" duration-ms="32479">
      <class name="SpringStarter.SpringStarter.Guru99Demo">
        <test-method signature="testScrollUpAndDown()[pri:0, instance:SpringStarter.SpringStarter.Guru99Demo@2a551a63]" started-at="2024-01-31T07:55:16 IST" name="testScrollUpAndDown" finished-at="2024-01-31T07:55:48 IST" duration-ms="32371" status="PASS">
          <reporter-output>
          </reporter-output>
        </test-method> <!-- testScrollUpAndDown -->
      </class> <!-- SpringStarter.SpringStarter.Guru99Demo -->
    </test> <!-- Test2 -->
    <test started-at="2024-01-31T07:55:16 IST" name="Test3" finished-at="2024-01-31T07:56:14 IST" duration-ms="58789">
      <class name="SpringStarter.SpringStarter.OrangeHRMParallelExecutionUsingThreadLocal">
        <test-method is-config="true" signature="initDriver()[pri:0, instance:SpringStarter.SpringStarter.OrangeHRMParallelExecutionUsingThreadLocal@2d35442b]" started-at="2024-01-31T07:55:15 IST" name="initDriver" finished-at="2024-01-31T07:55:16 IST" duration-ms="628" status="PASS">
          <reporter-output>
          </reporter-output>
        </test-method> <!-- initDriver -->
        <test-method signature="doLogin()[pri:1, instance:SpringStarter.SpringStarter.OrangeHRMParallelExecutionUsingThreadLocal@2d35442b]" started-at="2024-01-31T07:55:16 IST" name="doLogin" description="Login" finished-at="2024-01-31T07:55:54 IST" duration-ms="38514" status="PASS">
          <reporter-output>
          </reporter-output>
        </test-method> <!-- doLogin -->
        <test-method signature="clickOnAdmin()[pri:0, instance:SpringStarter.SpringStarter.OrangeHRMParallelExecutionUsingThreadLocal@2d35442b]" started-at="2024-01-31T07:55:54 IST" name="clickOnAdmin" description="Clicking on admin depends upon login" finished-at="2024-01-31T07:56:04 IST" depends-on-methods="SpringStarter.SpringStarter.OrangeHRMParallelExecutionUsingThreadLocal.doLogin" duration-ms="9724" status="PASS">
          <reporter-output>
          </reporter-output>
        </test-method> <!-- clickOnAdmin -->
        <test-method signature="getUserCountOnAdminPage()[pri:0, instance:SpringStarter.SpringStarter.OrangeHRMParallelExecutionUsingThreadLocal@2d35442b]" started-at="2024-01-31T07:56:04 IST" name="getUserCountOnAdminPage" description="Get Total user count and details for each user" finished-at="2024-01-31T07:56:14 IST" depends-on-methods="SpringStarter.SpringStarter.OrangeHRMParallelExecutionUsingThreadLocal.clickOnAdmin" duration-ms="10426" status="PASS">
          <reporter-output>
          </reporter-output>
        </test-method> <!-- getUserCountOnAdminPage -->
        <test-method is-config="true" signature="tearDown()[pri:0, instance:SpringStarter.SpringStarter.OrangeHRMParallelExecutionUsingThreadLocal@2d35442b]" started-at="2024-01-31T07:56:14 IST" name="tearDown" finished-at="2024-01-31T07:56:15 IST" duration-ms="171" status="PASS">
          <reporter-output>
          </reporter-output>
        </test-method> <!-- tearDown -->
      </class> <!-- SpringStarter.SpringStarter.OrangeHRMParallelExecutionUsingThreadLocal -->
    </test> <!-- Test3 -->
  </suite> <!-- Suite -->
</testng-results>
